<?xml version="1.0" encoding="UTF-8"?>
<testng-results ignored="0" total="1" passed="1" failed="0" skipped="0">
  <reporter-output>
  </reporter-output>
  <suite started-at="2024-07-22T20:34:06 IST" name="Default suite" finished-at="2024-07-22T20:34:12 IST" duration-ms="5698">
    <groups>
    </groups>
    <test started-at="2024-07-22T20:34:06 IST" name="Default test" finished-at="2024-07-22T20:34:12 IST" duration-ms="5698">
      <class name="first_test_for_testing_purose.trial_class">
        <test-method signature="f()[pri:0, instance:first_test_for_testing_purose.trial_class@3754a4bf]" started-at="2024-07-22T20:34:06 IST" name="f" finished-at="2024-07-22T20:34:12 IST" duration-ms="5670" status="PASS">
          <reporter-output>
          </reporter-output>
        </test-method> <!-- f -->
      </class> <!-- first_test_for_testing_purose.trial_class -->
    </test> <!-- Default test -->
  </suite> <!-- Default suite -->
</testng-results>
